2021-04-20 19:00:27,292 INFO  [Log] **************************************************************************************** 
2021-04-20 19:00:27,293 INFO  [Log] **************************************************************************************** 
2021-04-20 19:00:27,293 INFO  [Log] $$$$$$$$$$$$$$$$$$$$$                 login       $$$$$$$$$$$$$$$$$$$$$$$$$ 
2021-04-20 19:00:27,293 INFO  [Log] **************************************************************************************** 
2021-04-20 19:00:27,293 INFO  [Log] **************************************************************************************** 
2021-04-20 19:00:31,596 INFO  [Log] **************************************************************************************** 
2021-04-20 19:00:31,598 INFO  [Log] **************************************************************************************** 
2021-04-20 19:00:31,598 INFO  [Log] $$$$$$$$$$$$$$$$$$$$$                 login       $$$$$$$$$$$$$$$$$$$$$$$$$ 
2021-04-20 19:00:31,598 INFO  [Log] **************************************************************************************** 
2021-04-20 19:00:31,598 INFO  [Log] **************************************************************************************** 
2021-04-20 19:00:32,010 INFO  [Log] My Account link element found 
2021-04-20 19:02:42,427 INFO  [Log] **************************************************************************************** 
2021-04-20 19:02:42,428 INFO  [Log] **************************************************************************************** 
2021-04-20 19:02:42,428 INFO  [Log] $$$$$$$$$$$$$$$$$$$$$                 login       $$$$$$$$$$$$$$$$$$$$$$$$$ 
2021-04-20 19:02:42,428 INFO  [Log] **************************************************************************************** 
2021-04-20 19:02:42,428 INFO  [Log] **************************************************************************************** 
2021-04-20 19:02:46,031 INFO  [Log] **************************************************************************************** 
2021-04-20 19:02:46,031 INFO  [Log] **************************************************************************************** 
2021-04-20 19:02:46,031 INFO  [Log] $$$$$$$$$$$$$$$$$$$$$                 login       $$$$$$$$$$$$$$$$$$$$$$$$$ 
2021-04-20 19:02:46,031 INFO  [Log] **************************************************************************************** 
2021-04-20 19:02:46,031 INFO  [Log] **************************************************************************************** 
2021-04-20 19:02:46,384 INFO  [Log] My Account link element found 
2021-04-20 19:02:46,384 INFO  [Log] XXXXXXXXXXXXXXXXXXXXXXX             -E---N---D-             XXXXXXXXXXXXXXXXXXXXXX 
2021-04-20 19:02:46,384 INFO  [Log] X 
2021-04-20 19:02:46,384 INFO  [Log] X 
2021-04-20 19:02:46,384 INFO  [Log] X 
2021-04-20 19:02:46,384 INFO  [Log] X 
